<?xml version="1.0" encoding="UTF-8"?>
<!-- Generated by org.testng.reporters.JUnitXMLReporter -->
<testsuite hostname="MYUKSEKKAYA" ignored="0" name="Pixel 2" tests="5" failures="0" timestamp="2020-11-03T15:33:12 EET" time="36.392" errors="0">
  <testcase name="scenario" time="7.124" classname="runners.RunnerBase"/>
  <testcase name="scenario" time="5.255" classname="runners.RunnerBase"/>
  <testcase name="scenario" time="9.754" classname="runners.RunnerBase"/>
  <testcase name="scenario" time="9.306" classname="runners.RunnerBase"/>
  <testcase name="scenario" time="7.783" classname="runners.RunnerBase"/>
</testsuite> <!-- Pixel 2 -->
