<?xml version="1.0" encoding="UTF-8"?>
<testsuite xmlns:xsi="http://www.w3.org/2001/XMLSchema-instance" xsi:noNamespaceSchemaLocation="https://maven.apache.org/surefire/maven-surefire-plugin/xsd/surefire-test-report.xsd" name="TestSuite" time="44.196" tests="6" errors="0" skipped="0" failures="0">
  <properties>
[...]
</properties>
  <testcase name="scenario" classname="runners.MyPixel2TestNGRunnerTest" time="2.94"/>
  <testcase name="scenario" classname="runners.MyPixel2TestNGRunnerTest" time="5.257"/>
  <testcase name="scenario" classname="runners.MyPixel2TestNGRunnerTest" time="7.746"/>
  <testcase name="scenario" classname="runners.MyGM5PlusTestNGRunnerTest" time="1.557"/>
  <testcase name="scenario" classname="runners.MyGM5PlusTestNGRunnerTest" time="7.767"/>
  <testcase name="scenario" classname="runners.MyGM5PlusTestNGRunnerTest" time="9.003"/>
</testsuite>